This file contains any messages produced by compilers while
running configure, to aid debugging if configure makes a mistake.

It was created by configure, which was
generated by GNU Autoconf 2.69.  Invocation command line was

  $ ./configure 

## --------- ##
## Platform. ##
## --------- ##

hostname = ru-mi
uname -m = x86_64
uname -r = 4.9.0-8-amd64
uname -s = Linux
uname -v = #1 SMP Debian 4.9.130-2 (2018-10-27)

/usr/bin/uname -p = unknown
/bin/uname -X     = unknown

/bin/arch              = unknown
/usr/bin/arch -k       = unknown
/usr/convex/getsysinfo = unknown
/usr/bin/hostinfo      = unknown
/bin/machine           = unknown
/usr/bin/oslevel       = unknown
/bin/universe          = unknown

PATH: /home/ru/bin
PATH: /usr/sbin
PATH: /sbin
PATH: /usr/local/bin
PATH: /usr/bin
PATH: /bin
PATH: /usr/local/games
PATH: /usr/games
PATH: /home/ru/.fzf/bin


## ----------- ##
## Core tests. ##
## ----------- ##

configure:2306: checking for grep that handles long lines and -e
configure:2364: result: /bin/grep
configure:2369: checking for egrep
configure:2431: result: /bin/grep -E
configure:2436: checking for a sed that does not truncate output
configure:2500: result: /bin/sed
configure:2639: checking for cc
configure:2655: found /usr/bin/cc
configure:2666: result: cc
configure:2697: checking for C compiler version
configure:2706: cc --version >&5
cc (Debian 6.3.0-18+deb9u1) 6.3.0 20170516
Copyright (C) 2016 Free Software Foundation, Inc.
This is free software; see the source for copying conditions.  There is NO
warranty; not even for MERCHANTABILITY or FITNESS FOR A PARTICULAR PURPOSE.

configure:2717: $? = 0
configure:2706: cc -v >&5
Using built-in specs.
COLLECT_GCC=cc
COLLECT_LTO_WRAPPER=/usr/lib/gcc/x86_64-linux-gnu/6/lto-wrapper
Target: x86_64-linux-gnu
Configured with: ../src/configure -v --with-pkgversion='Debian 6.3.0-18+deb9u1' --with-bugurl=file:///usr/share/doc/gcc-6/README.Bugs --enable-languages=c,ada,c++,java,go,d,fortran,objc,obj-c++ --prefix=/usr --program-suffix=-6 --program-prefix=x86_64-linux-gnu- --enable-shared --enable-linker-build-id --libexecdir=/usr/lib --without-included-gettext --enable-threads=posix --libdir=/usr/lib --enable-nls --with-sysroot=/ --enable-clocale=gnu --enable-libstdcxx-debug --enable-libstdcxx-time=yes --with-default-libstdcxx-abi=new --enable-gnu-unique-object --disable-vtable-verify --enable-libmpx --enable-plugin --enable-default-pie --with-system-zlib --disable-browser-plugin --enable-java-awt=gtk --enable-gtk-cairo --with-java-home=/usr/lib/jvm/java-1.5.0-gcj-6-amd64/jre --enable-java-home --with-jvm-root-dir=/usr/lib/jvm/java-1.5.0-gcj-6-amd64 --with-jvm-jar-dir=/usr/lib/jvm-exports/java-1.5.0-gcj-6-amd64 --with-arch-directory=amd64 --with-ecj-jar=/usr/share/java/eclipse-ecj.jar --with-target-system-zlib --enable-objc-gc=auto --enable-multiarch --with-arch-32=i686 --with-abi=m64 --with-multilib-list=m32,m64,mx32 --enable-multilib --with-tune=generic --enable-checking=release --build=x86_64-linux-gnu --host=x86_64-linux-gnu --target=x86_64-linux-gnu
Thread model: posix
gcc version 6.3.0 20170516 (Debian 6.3.0-18+deb9u1) 
configure:2717: $? = 0
configure:2706: cc -V >&5
cc: error: unrecognized command line option '-V'
cc: fatal error: no input files
compilation terminated.
configure:2717: $? = 1
configure:2706: cc -qversion >&5
cc: error: unrecognized command line option '-qversion'; did you mean '--version'?
cc: fatal error: no input files
compilation terminated.
configure:2717: $? = 1
configure:2737: checking whether the C compiler works
configure:2759: cc    conftest.c  >&5
configure:2763: $? = 0
configure:2811: result: yes
configure:2814: checking for C compiler default output file name
configure:2816: result: a.out
configure:2822: checking for suffix of executables
configure:2829: cc -o conftest    conftest.c  >&5
configure:2833: $? = 0
configure:2855: result: 
configure:2877: checking whether we are cross compiling
configure:2885: cc -o conftest    conftest.c  >&5
configure:2889: $? = 0
configure:2896: ./conftest
configure:2900: $? = 0
configure:2915: result: no
configure:2920: checking for suffix of object files
configure:2942: cc -c   conftest.c >&5
configure:2946: $? = 0
configure:2967: result: o
configure:2971: checking whether we are using the GNU C compiler
configure:2990: cc -c   conftest.c >&5
configure:2990: $? = 0
configure:2999: result: yes
configure:3008: checking whether cc accepts -g
configure:3028: cc -c -g  conftest.c >&5
configure:3028: $? = 0
configure:3069: result: yes
configure:3086: checking for cc option to accept ISO C89
configure:3149: cc  -c -g -O2  conftest.c >&5
configure:3149: $? = 0
configure:3162: result: none needed
configure:3188: checking how to run the C preprocessor
configure:3219: cc -E  conftest.c
configure:3219: $? = 0
configure:3233: cc -E  conftest.c
conftest.c:9:28: fatal error: ac_nonexistent.h: No such file or directory
 #include <ac_nonexistent.h>
                            ^
compilation terminated.
configure:3233: $? = 1
configure: failed program was:
| /* confdefs.h */
| #define PACKAGE_NAME ""
| #define PACKAGE_TARNAME ""
| #define PACKAGE_VERSION ""
| #define PACKAGE_STRING ""
| #define PACKAGE_BUGREPORT ""
| #define PACKAGE_URL ""
| /* end confdefs.h.  */
| #include <ac_nonexistent.h>
configure:3258: result: cc -E
configure:3278: cc -E  conftest.c
configure:3278: $? = 0
configure:3292: cc -E  conftest.c
conftest.c:9:28: fatal error: ac_nonexistent.h: No such file or directory
 #include <ac_nonexistent.h>
                            ^
compilation terminated.
configure:3292: $? = 1
configure: failed program was:
| /* confdefs.h */
| #define PACKAGE_NAME ""
| #define PACKAGE_TARNAME ""
| #define PACKAGE_VERSION ""
| #define PACKAGE_STRING ""
| #define PACKAGE_BUGREPORT ""
| #define PACKAGE_URL ""
| /* end confdefs.h.  */
| #include <ac_nonexistent.h>
configure:3323: checking for icc
configure:3332: result: no
configure:3346: checking for suncc
configure:3355: result: no
configure:3373: checking whether cc understands -c and -o together
configure:3401: cc -c conftest.c -o conftest2.o >&5
configure:3405: $? = 0
configure:3411: cc -c conftest.c -o conftest2.o >&5
configure:3415: $? = 0
configure:3470: result: yes
configure:3484: checking for system library directory
configure:3499: result: lib
configure:3506: checking if compiler supports -R
configure:3525: cc -o conftest -g -O2   conftest.c -R /usr/lib  >&5
cc: error: unrecognized command line option '-R'; did you mean '-R'?
configure:3525: $? = 1
configure: failed program was:
| /* confdefs.h */
| #define PACKAGE_NAME ""
| #define PACKAGE_TARNAME ""
| #define PACKAGE_VERSION ""
| #define PACKAGE_STRING ""
| #define PACKAGE_BUGREPORT ""
| #define PACKAGE_URL ""
| /* end confdefs.h.  */
| 
| int
| main ()
| {
| 
|   ;
|   return 0;
| }
configure:3535: result: no
configure:3540: checking if compiler supports -Wl,-rpath,
configure:3559: cc -o conftest -g -O2   conftest.c -Wl,-rpath,/usr/lib  >&5
configure:3559: $? = 0
configure:3569: result: yes
configure:3614: checking build system type
configure:3628: result: x86_64-pc-linux-gnu
configure:3648: checking host system type
configure:3661: result: x86_64-pc-linux-gnu
configure:3681: checking target system type
configure:3694: result: x86_64-pc-linux-gnu
configure:3797: checking for PHP prefix
configure:3799: result: /usr
configure:3801: checking for PHP includes
configure:3803: result: -I/usr/include/php -I/usr/include/php/main -I/usr/include/php/TSRM -I/usr/include/php/Zend -I/usr/include/php/ext -I/usr/include/php/ext/date/lib
configure:3805: checking for PHP extension directory
configure:3807: result: /usr/lib/php/extensions/no-debug-non-zts-20180731
configure:3809: checking for PHP installed headers prefix
configure:3811: result: /usr/include/php
configure:3814: checking if debug is enabled
configure:3840: result: no
configure:3843: checking if zts is enabled
configure:3869: result: no
configure:3940: checking for re2c
configure:3956: found /usr/bin/re2c
configure:3967: result: re2c
configure:3976: checking for re2c version
configure:3990: result: 0.16 (ok)
configure:4014: checking for gawk
configure:4045: result: no
configure:4014: checking for nawk
configure:4031: found /usr/bin/nawk
configure:4042: result: nawk
configure:4065: checking if nawk is broken
configure:4072: result: no
configure:4085: checking whether to enable libtrie support
configure:4124: result: yes, shared
configure:4484: checking for a sed that does not truncate output
configure:4538: result: /bin/sed
configure:4552: checking for ld used by cc
configure:4619: result: /usr/bin/ld
configure:4626: checking if the linker (/usr/bin/ld) is GNU ld
configure:4641: result: yes
configure:4646: checking for /usr/bin/ld option to reload object files
configure:4653: result: -r
configure:4671: checking for BSD-compatible nm
configure:4720: result: /usr/bin/nm -B
configure:4724: checking whether ln -s works
configure:4728: result: yes
configure:4735: checking how to recognize dependent libraries
configure:4921: result: pass_all
configure:5006: cc -c -g -O2  conftest.c >&5
configure:5009: $? = 0
configure:5139: checking for ANSI C header files
configure:5159: cc -c -g -O2  conftest.c >&5
configure:5159: $? = 0
configure:5232: cc -o conftest -g -O2   conftest.c  >&5
configure:5232: $? = 0
configure:5232: ./conftest
configure:5232: $? = 0
configure:5243: result: yes
configure:5256: checking for sys/types.h
configure:5256: cc -c -g -O2  conftest.c >&5
configure:5256: $? = 0
configure:5256: result: yes
configure:5256: checking for sys/stat.h
configure:5256: cc -c -g -O2  conftest.c >&5
configure:5256: $? = 0
configure:5256: result: yes
configure:5256: checking for stdlib.h
configure:5256: cc -c -g -O2  conftest.c >&5
configure:5256: $? = 0
configure:5256: result: yes
configure:5256: checking for string.h
configure:5256: cc -c -g -O2  conftest.c >&5
configure:5256: $? = 0
configure:5256: result: yes
configure:5256: checking for memory.h
configure:5256: cc -c -g -O2  conftest.c >&5
configure:5256: $? = 0
configure:5256: result: yes
configure:5256: checking for strings.h
configure:5256: cc -c -g -O2  conftest.c >&5
configure:5256: $? = 0
configure:5256: result: yes
configure:5256: checking for inttypes.h
configure:5256: cc -c -g -O2  conftest.c >&5
configure:5256: $? = 0
configure:5256: result: yes
configure:5256: checking for stdint.h
configure:5256: cc -c -g -O2  conftest.c >&5
configure:5256: $? = 0
configure:5256: result: yes
configure:5256: checking for unistd.h
configure:5256: cc -c -g -O2  conftest.c >&5
configure:5256: $? = 0
configure:5256: result: yes
configure:5270: checking dlfcn.h usability
configure:5270: cc -c -g -O2  conftest.c >&5
configure:5270: $? = 0
configure:5270: result: yes
configure:5270: checking dlfcn.h presence
configure:5270: cc -E  conftest.c
configure:5270: $? = 0
configure:5270: result: yes
configure:5270: checking for dlfcn.h
configure:5270: result: yes
configure:5292: checking the maximum length of command line arguments
configure:5404: result: 1572864
configure:5416: checking command to parse /usr/bin/nm -B output from cc object
configure:5521: cc -c -g -O2  conftest.c >&5
configure:5524: $? = 0
configure:5528: /usr/bin/nm -B conftest.o \| sed -n -e 's/^.*[ 	]\([ABCDGIRSTW][ABCDGIRSTW]*\)[ 	][ 	]*\([_A-Za-z][_A-Za-z0-9]*\)$/\1 \2 \2/p' \> conftest.nm
configure:5531: $? = 0
configure:5583: cc -o conftest -g -O2   conftest.c conftstm.o >&5
configure:5586: $? = 0
configure:5624: result: ok
configure:5628: checking for objdir
configure:5643: result: .libs
configure:5735: checking for ar
configure:5751: found /usr/bin/ar
configure:5762: result: ar
configure:5827: checking for ranlib
configure:5843: found /usr/bin/ranlib
configure:5854: result: ranlib
configure:5919: checking for strip
configure:5935: found /usr/bin/strip
configure:5946: result: strip
configure:6515: checking if cc supports -fno-rtti -fno-exceptions
configure:6533: cc -c -g -O2  -fno-rtti -fno-exceptions conftest.c >&5
cc1: warning: command line option '-fno-rtti' is valid for C++/ObjC++ but not for C
configure:6537: $? = 0
configure:6550: result: no
configure:6565: checking for cc option to produce PIC
configure:6805: result: -fPIC
configure:6813: checking if cc PIC flag -fPIC works
configure:6831: cc -c -g -O2  -fPIC -DPIC conftest.c >&5
configure:6835: $? = 0
configure:6848: result: yes
configure:6876: checking if cc static flag -static works
configure:6904: result: yes
configure:6914: checking if cc supports -c -o file.o
configure:6935: cc -c -g -O2  -o out/conftest2.o conftest.c >&5
configure:6939: $? = 0
configure:6961: result: yes
configure:6987: checking whether the cc linker (/usr/bin/ld -m elf_x86_64) supports shared libraries
configure:7915: result: yes
configure:7936: checking whether -lc should be explicitly linked in
configure:7941: cc -c -g -O2  conftest.c >&5
configure:7944: $? = 0
configure:7959: cc -shared conftest.o  -v -Wl,-soname -Wl,conftest -o conftest 2\>\&1 \| grep  -lc  \>/dev/null 2\>\&1
configure:7962: $? = 0
configure:7974: result: no
configure:7982: checking dynamic linker characteristics
configure:8580: result: GNU/Linux ld.so
configure:8604: checking how to hardcode library paths into programs
configure:8629: result: immediate
configure:8643: checking whether stripping libraries is possible
configure:8648: result: yes
configure:9165: checking if libtool supports shared libraries
configure:9167: result: yes
configure:9170: checking whether to build shared libraries
configure:9191: result: yes
configure:9194: checking whether to build static libraries
configure:9198: result: no
configure:9293: result:
creating libtool
configure:12991: creating ./config.status

## ---------------------- ##
## Running config.status. ##
## ---------------------- ##

This file was extended by config.status, which was
generated by GNU Autoconf 2.69.  Invocation command line was

  CONFIG_FILES    = 
  CONFIG_HEADERS  = 
  CONFIG_LINKS    = 
  CONFIG_COMMANDS = 
  $ ./config.status 

on ru-mi

config.status:676: creating config.h

## ---------------- ##
## Cache variables. ##
## ---------------- ##

ac_cv_build=x86_64-pc-linux-gnu
ac_cv_c_compiler_gnu=yes
ac_cv_env_CC_set=
ac_cv_env_CC_value=
ac_cv_env_CFLAGS_set=
ac_cv_env_CFLAGS_value=
ac_cv_env_CPPFLAGS_set=
ac_cv_env_CPPFLAGS_value=
ac_cv_env_CPP_set=
ac_cv_env_CPP_value=
ac_cv_env_LDFLAGS_set=
ac_cv_env_LDFLAGS_value=
ac_cv_env_LIBS_set=
ac_cv_env_LIBS_value=
ac_cv_env_build_alias_set=
ac_cv_env_build_alias_value=
ac_cv_env_host_alias_set=
ac_cv_env_host_alias_value=
ac_cv_env_target_alias_set=
ac_cv_env_target_alias_value=
ac_cv_header_dlfcn_h=yes
ac_cv_header_inttypes_h=yes
ac_cv_header_memory_h=yes
ac_cv_header_stdc=yes
ac_cv_header_stdint_h=yes
ac_cv_header_stdlib_h=yes
ac_cv_header_string_h=yes
ac_cv_header_strings_h=yes
ac_cv_header_sys_stat_h=yes
ac_cv_header_sys_types_h=yes
ac_cv_header_unistd_h=yes
ac_cv_host=x86_64-pc-linux-gnu
ac_cv_objext=o
ac_cv_path_EGREP='/bin/grep -E'
ac_cv_path_GREP=/bin/grep
ac_cv_path_SED=/bin/sed
ac_cv_prog_AWK=nawk
ac_cv_prog_CPP='cc -E'
ac_cv_prog_RE2C=re2c
ac_cv_prog_ac_ct_AR=ar
ac_cv_prog_ac_ct_CC=cc
ac_cv_prog_ac_ct_RANLIB=ranlib
ac_cv_prog_ac_ct_STRIP=strip
ac_cv_prog_cc_c89=
ac_cv_prog_cc_cc_c_o=yes
ac_cv_prog_cc_g=yes
ac_cv_target=x86_64-pc-linux-gnu
lt_cv_deplibs_check_method=pass_all
lt_cv_file_magic_cmd='$MAGIC_CMD'
lt_cv_file_magic_test_file=
lt_cv_ld_reload_flag=-r
lt_cv_objdir=.libs
lt_cv_path_LD=/usr/bin/ld
lt_cv_path_NM='/usr/bin/nm -B'
lt_cv_path_SED=/bin/sed
lt_cv_prog_compiler_c_o=yes
lt_cv_prog_compiler_pic_works=yes
lt_cv_prog_compiler_rtti_exceptions=no
lt_cv_prog_compiler_static_works=yes
lt_cv_prog_gnu_ld=yes
lt_cv_sys_global_symbol_pipe='sed -n -e '\''s/^.*[ 	]\([ABCDGIRSTW][ABCDGIRSTW]*\)[ 	][ 	]*\([_A-Za-z][_A-Za-z0-9]*\)$/\1 \2 \2/p'\'''
lt_cv_sys_global_symbol_to_c_name_address='sed -n -e '\''s/^: \([^ ]*\) $/  {\"\1\", (lt_ptr) 0},/p'\'' -e '\''s/^[BCDEGRST] \([^ ]*\) \([^ ]*\)$/  {"\2", (lt_ptr) \&\2},/p'\'''
lt_cv_sys_global_symbol_to_cdecl='sed -n -e '\''s/^. .* \(.*\)$/extern int \1;/p'\'''
lt_cv_sys_lib_dlsearch_path_spec='/lib /usr/lib /usr/lib/x86_64-linux-gnu/libfakeroot /usr/local/lib /lib/x86_64-linux-gnu /usr/lib/x86_64-linux-gnu '
lt_cv_sys_lib_search_path_spec='/usr/lib/gcc/x86_64-linux-gnu/6 /usr/lib/x86_64-linux-gnu /usr/lib /lib/x86_64-linux-gnu /lib'
lt_cv_sys_max_cmd_len=1572864
lt_lt_cv_prog_compiler_c_o='"yes"'
lt_lt_cv_sys_global_symbol_pipe='"sed -n -e '\''s/^.*[ 	]\\([ABCDGIRSTW][ABCDGIRSTW]*\\)[ 	][ 	]*\\([_A-Za-z][_A-Za-z0-9]*\\)\$/\\1 \\2 \\2/p'\''"'
lt_lt_cv_sys_global_symbol_to_c_name_address='"sed -n -e '\''s/^: \\([^ ]*\\) \$/  {\\\"\\1\\\", (lt_ptr) 0},/p'\'' -e '\''s/^[BCDEGRST] \\([^ ]*\\) \\([^ ]*\\)\$/  {\"\\2\", (lt_ptr) \\&\\2},/p'\''"'
lt_lt_cv_sys_global_symbol_to_cdecl='"sed -n -e '\''s/^. .* \\(.*\\)\$/extern int \\1;/p'\''"'
php_cv_cc_dashr=no
php_cv_cc_rpath=yes
php_cv_re2c_version='0.16 (ok)'

## ----------------- ##
## Output variables. ##
## ----------------- ##

AR='ar'
AWK='nawk'
CC='cc'
CFLAGS='-g -O2'
CONFIGURE_COMMAND=' '\''./configure'\'' '
CONFIGURE_OPTIONS=''
CPP='cc -E'
CPPFLAGS=' -DHAVE_CONFIG_H'
DEFS='-DHAVE_CONFIG_H'
DSYMUTIL=''
ECHO='echo'
ECHO_C=''
ECHO_N='-n'
ECHO_T=''
EGREP='/bin/grep -E'
EXEEXT=''
GREP='/bin/grep'
LDFLAGS=''
LIBOBJS=''
LIBS=''
LIBTOOL='$(SHELL) $(top_builddir)/libtool'
LN_S='ln -s'
LTLIBOBJS=''
NMEDIT=''
OBJEXT='o'
PACKAGE_BUGREPORT=''
PACKAGE_NAME=''
PACKAGE_STRING=''
PACKAGE_TARNAME=''
PACKAGE_URL=''
PACKAGE_VERSION=''
PATH_SEPARATOR=':'
RANLIB='ranlib'
RE2C='re2c'
SED='/bin/sed'
SHELL='/bin/bash'
SHLIB_DL_SUFFIX_NAME='so'
SHLIB_SUFFIX_NAME='so'
STRIP='strip'
ac_ct_CC='cc'
bindir='${exec_prefix}/bin'
build='x86_64-pc-linux-gnu'
build_alias=''
build_cpu='x86_64'
build_os='linux-gnu'
build_vendor='pc'
datadir='${datarootdir}'
datarootdir='${prefix}/share'
docdir='${datarootdir}/doc/${PACKAGE}'
dvidir='${docdir}'
exec_prefix='$(prefix)'
host='x86_64-pc-linux-gnu'
host_alias='x86_64-pc-linux-gnu'
host_cpu='x86_64'
host_os='linux-gnu'
host_vendor='pc'
htmldir='${docdir}'
includedir='${prefix}/include'
infodir='${datarootdir}/info'
libdir='${exec_prefix}/lib'
libexecdir='${exec_prefix}/libexec'
localedir='${datarootdir}/locale'
localstatedir='${prefix}/var'
mandir='${datarootdir}/man'
oldincludedir='/usr/include'
pdfdir='${docdir}'
prefix='/usr'
program_transform_name='s,x,x,'
psdir='${docdir}'
runstatedir='${localstatedir}/run'
sbindir='${exec_prefix}/sbin'
sharedstatedir='${prefix}/com'
sysconfdir='${prefix}/etc'
target='x86_64-pc-linux-gnu'
target_alias=''
target_cpu='x86_64'
target_os='linux-gnu'
target_vendor='pc'

## ----------- ##
## confdefs.h. ##
## ----------- ##

/* confdefs.h */
#define PACKAGE_NAME ""
#define PACKAGE_TARNAME ""
#define PACKAGE_VERSION ""
#define PACKAGE_STRING ""
#define PACKAGE_BUGREPORT ""
#define PACKAGE_URL ""
#define COMPILE_DL_LIBTRIE 1
#define STDC_HEADERS 1
#define HAVE_SYS_TYPES_H 1
#define HAVE_SYS_STAT_H 1
#define HAVE_STDLIB_H 1
#define HAVE_STRING_H 1
#define HAVE_MEMORY_H 1
#define HAVE_STRINGS_H 1
#define HAVE_INTTYPES_H 1
#define HAVE_STDINT_H 1
#define HAVE_UNISTD_H 1
#define HAVE_DLFCN_H 1

configure: exit 0
